08/03/2024 00:06:11	This log contains information about the import schema operation into project 'ElectionData' on computer 'LAPTOP-62GOMV9B' by user 'George O'Brien'.
08/03/2024 00:06:12	Import of database schema has started.
08/03/2024 00:06:25	Gathering database credentials
08/03/2024 00:06:25	Gathering database options
08/03/2024 00:06:25	Gathering generic database scoped configuration option
08/03/2024 00:06:25	Gathering users
08/03/2024 00:06:25	Gathering roles
08/03/2024 00:06:25	Gathering application roles
08/03/2024 00:06:25	Gathering role memberships
08/03/2024 00:06:25	Gathering filegroups
08/03/2024 00:06:25	Gathering full-text catalogs
08/03/2024 00:06:25	Gathering assemblies
08/03/2024 00:06:25	Gathering certificates
08/03/2024 00:06:25	Gathering asymmetric keys
08/03/2024 00:06:25	Gathering symmetric keys
08/03/2024 00:06:25	Gathering encrypted symmetric keys
08/03/2024 00:06:25	Gathering schemas
08/03/2024 00:06:25	Gathering XML schema collections
08/03/2024 00:06:25	Gathering user-defined data types
08/03/2024 00:06:25	Gathering user-defined types
08/03/2024 00:06:25	Gathering table types
08/03/2024 00:06:25	Gathering unique keys for table types
08/03/2024 00:06:25	Gathering primary keys for table types
08/03/2024 00:06:25	Gathering indexes for table types
08/03/2024 00:06:25	Gathering check constraints for table types
08/03/2024 00:06:25	Gathering default constraints for table types
08/03/2024 00:06:25	Gathering partition functions
08/03/2024 00:06:25	Gathering partition schemes
08/03/2024 00:06:25	Gathering functions
08/03/2024 00:06:25	Gathering encrypted functions
08/03/2024 00:06:25	Gathering aggregates
08/03/2024 00:06:25	Gathering procedures
08/03/2024 00:06:25	Gathering encrypted procedures
08/03/2024 00:06:27	Gathering tables
08/03/2024 00:06:28	Gathering primary keys
08/03/2024 00:06:28	Gathering unique constraints
08/03/2024 00:06:28	Gathering foreign keys
08/03/2024 00:06:28	Gathering default constraints
08/03/2024 00:06:28	Gathering check constraints
08/03/2024 00:06:28	Gathering views
08/03/2024 00:06:28	Gathering encrypted views
08/03/2024 00:06:28	Gathering indexes
08/03/2024 00:06:28	Gathering statistics
08/03/2024 00:06:28	Gathering full-text index stoplists
08/03/2024 00:06:28	Gathering search property lists
08/03/2024 00:06:28	Gathering search properties
08/03/2024 00:06:28	Gathering full-text indexes
08/03/2024 00:06:28	Gathering column store indexes
08/03/2024 00:06:28	Gathering spatial indexes
08/03/2024 00:06:28	Gathering XML indexes
08/03/2024 00:06:28	Gathering Selective XML indexes
08/03/2024 00:06:28	Gathering encrypted triggers
08/03/2024 00:06:28	Gathering triggers
08/03/2024 00:06:28	Gathering encrypted and clr ddl triggers
08/03/2024 00:06:28	Gathering ddl triggers
08/03/2024 00:06:28	Creating edge constraints
08/03/2024 00:06:28	Gathering synonyms
08/03/2024 00:06:28	Gathering defaults
08/03/2024 00:06:29	Gathering data constraint uddt bindings
08/03/2024 00:06:29	Gathering rules
08/03/2024 00:06:29	Gathering data constraint uddt bindings
08/03/2024 00:06:29	Gathering message types
08/03/2024 00:06:29	Gathering queues
08/03/2024 00:06:29	Gathering contracts
08/03/2024 00:06:29	Gathering services
08/03/2024 00:06:29	Gathering event notifications
08/03/2024 00:06:29	Gathering remote service bindings
08/03/2024 00:06:29	Gathering broker priorities
08/03/2024 00:06:29	Gathering signatures
08/03/2024 00:06:29	Gathering compression options
08/03/2024 00:06:29	Gathering sequence types
08/03/2024 00:06:29	Gathering security policies
08/03/2024 00:06:29	Gather column encryption keys
08/03/2024 00:06:29	Gathering column master keys
08/03/2024 00:06:29	Gathering external data sources
08/03/2024 00:06:29	Gathering external file formats
08/03/2024 00:06:29	Gathering external tables
08/03/2024 00:06:29	Gathering XML index compression options
08/03/2024 00:06:29	Gathering extended properties
08/03/2024 00:06:29	Gathering assemblies
08/03/2024 00:06:32	Gathering credentials
08/03/2024 00:06:32	Gathering logins
08/03/2024 00:06:32	Gathering server audits
08/03/2024 00:06:33	Scanning project for duplicate elements
08/03/2024 00:06:33	Finished duplicate element processing
08/03/2024 00:06:33	Finished importing database.
08/03/2024 00:06:33	A summary of the import was saved to the following location: C:\Users\George O'Brien\source\repos\ElectionData\Import Schema Logs\ElectionData_20240308120611.log
08/03/2024 00:06:33	Click Finish to continue...
