08/03/2024 00:02:27	This log contains information about the import schema operation into project 'ElectionData' on computer 'LAPTOP-62GOMV9B' by user 'George O'Brien'.
08/03/2024 00:02:27	Import of database schema has started.
08/03/2024 00:02:28	Gathering error messages
08/03/2024 00:02:28	Gathering cryptographic providers
08/03/2024 00:02:28	Gathering credentials
08/03/2024 00:02:28	Gathering logins
08/03/2024 00:02:28	Gathering server roles
08/03/2024 00:02:28	Gathering server role memberships
08/03/2024 00:02:28	Gathering linked servers
08/03/2024 00:02:28	Gathering linked server logins
08/03/2024 00:02:28	Gathering routes
08/03/2024 00:02:28	Gathering ddl triggers
08/03/2024 00:02:28	Gathering encrypted and clr ddl triggers
08/03/2024 00:02:28	Gathering event notifications
08/03/2024 00:02:29	Gathering server audits
08/03/2024 00:02:29	Gathering server audit specifications
08/03/2024 00:02:29	Gathering event notifications
08/03/2024 00:02:30	Gathering database credentials
08/03/2024 00:02:30	Gathering database options
08/03/2024 00:02:30	Gathering users
08/03/2024 00:02:30	Gathering roles
08/03/2024 00:02:30	Gathering application roles
08/03/2024 00:02:30	Gathering role memberships
08/03/2024 00:02:30	Gathering filegroups
08/03/2024 00:02:30	Gathering files
08/03/2024 00:02:30	Gathering full-text catalogs
08/03/2024 00:02:30	Gathering assemblies
08/03/2024 00:02:30	Gathering certificates
08/03/2024 00:02:30	Gathering asymmetric keys
08/03/2024 00:02:30	Gathering symmetric keys
08/03/2024 00:02:30	Gathering encrypted symmetric keys
08/03/2024 00:02:30	Gathering database encryption keys
08/03/2024 00:02:30	Gathering schemas
08/03/2024 00:02:30	Gathering XML schema collections
08/03/2024 00:02:30	Gathering user-defined data types
08/03/2024 00:02:30	Gathering user-defined types
08/03/2024 00:02:30	Gathering table types
08/03/2024 00:02:30	Gathering unique keys for table types
08/03/2024 00:02:30	Gathering primary keys for table types
08/03/2024 00:02:30	Gathering indexes for table types
08/03/2024 00:02:31	Gathering check constraints for table types
08/03/2024 00:02:31	Gathering default constraints for table types
08/03/2024 00:02:31	Gathering partition functions
08/03/2024 00:02:31	Gathering partition schemes
08/03/2024 00:02:31	Gathering functions
08/03/2024 00:02:31	Gathering encrypted functions
08/03/2024 00:02:31	Gathering aggregates
08/03/2024 00:02:31	Gathering procedures
08/03/2024 00:02:31	Gathering encrypted procedures
08/03/2024 00:02:31	Gathering tables
08/03/2024 00:02:31	Gathering primary keys
08/03/2024 00:02:31	Gathering unique constraints
08/03/2024 00:02:31	Gathering foreign keys
08/03/2024 00:02:31	Gathering default constraints
08/03/2024 00:02:31	Gathering check constraints
08/03/2024 00:02:31	Gathering views
08/03/2024 00:02:31	Gathering encrypted views
08/03/2024 00:02:31	Gathering indexes
08/03/2024 00:02:31	Gathering statistics
08/03/2024 00:02:31	Gathering full-text index stoplists
08/03/2024 00:02:31	Gathering search property lists
08/03/2024 00:02:31	Gathering search properties
08/03/2024 00:02:31	Gathering full-text indexes
08/03/2024 00:02:31	Gathering column store indexes
08/03/2024 00:02:31	Gathering spatial indexes
08/03/2024 00:02:31	Gathering XML indexes
08/03/2024 00:02:31	Gathering Selective XML indexes
08/03/2024 00:02:31	Gathering encrypted triggers
08/03/2024 00:02:31	Gathering triggers
08/03/2024 00:02:31	Gathering encrypted and clr ddl triggers
08/03/2024 00:02:31	Gathering ddl triggers
08/03/2024 00:02:31	Gathering synonyms
08/03/2024 00:02:31	Gathering defaults
08/03/2024 00:02:31	Gathering data constraint uddt bindings
08/03/2024 00:02:31	Gathering rules
08/03/2024 00:02:31	Gathering data constraint uddt bindings
08/03/2024 00:02:31	Gathering message types
08/03/2024 00:02:31	Gathering queues
08/03/2024 00:02:31	Gathering contracts
08/03/2024 00:02:31	Gathering services
08/03/2024 00:02:31	Gathering routes
08/03/2024 00:02:31	Gathering event notifications
08/03/2024 00:02:31	Gathering remote service bindings
08/03/2024 00:02:31	Gathering broker priorities
08/03/2024 00:02:31	Gathering database audit specifications
08/03/2024 00:02:31	Gathering signatures
08/03/2024 00:02:31	Gathering compression options
08/03/2024 00:02:31	Gathering sequence types
08/03/2024 00:02:31	Gathering security policies
08/03/2024 00:02:31	Gather column encryption keys
08/03/2024 00:02:31	Gathering column master keys
08/03/2024 00:02:31	Gathering external data sources
08/03/2024 00:02:31	Gathering external file formats
08/03/2024 00:02:31	Gathering external tables
08/03/2024 00:02:31	Gathering extended properties
08/03/2024 00:02:31	Scanning project for duplicate elements
08/03/2024 00:02:31	Finished duplicate element processing
08/03/2024 00:02:31	Finished importing database.
08/03/2024 00:02:31	A summary of the import was saved to the following location: C:\Users\George O'Brien\source\repos\ElectionData\Import Schema Logs\ElectionData_20240308120227.log
08/03/2024 00:02:31	Click Finish to continue...
